<?xml version="1.0" encoding="UTF-8"?>
<testExecutions version="1">
  <file path="/home/delia/Documentos/Master/movies2u/BackEnd/movies2uExpress/tests/search.test.js">
    <testCase name="Search Controller tests GET /movies/search?title --&gt; search movie by title" duration="687"/>
    <testCase name="Search Controller tests GET /movies/search?title --&gt; 404 if not found" duration="188"/>
    <testCase name="Search Controller tests GET /search?year --&gt; search movie by year" duration="42"/>
    <testCase name="Search Controller tests GET /search?year --&gt; 404 if not found" duration="41"/>
    <testCase name="Search Controller tests GET /search?genre --&gt; search movie by genre" duration="54"/>
    <testCase name="Search Controller tests GET /search?genre --&gt; 404 if not found" duration="42"/>
    <testCase name="Search Controller tests GET /search? --&gt; 400 not found search criteria" duration="6"/>
  </file>
</testExecutions>