<?xml version="1.0" encoding="UTF-8"?>
<testExecutions version="1">
  <file path="/home/delia/Documentos/Master/movies2u/BackEnd/movies2uExpress/tests/reviews.test.js">
    <testCase name="Reviews Controller tests POST /movies/:movieid/reviews --&gt; create new review" duration="0"/>
    <testCase name="Reviews Controller tests POST /movies/:movieid/reviews --&gt; 400 invalid request body" duration="1315"/>
    <testCase name="Reviews Controller tests POST /movies/:movieid/reviews --&gt; 400 reviewLocation is required" duration="9"/>
    <testCase name="Reviews Controller tests GET /movies/:movieid/reviews/:reviewid --&gt; get review by id" duration="43"/>
    <testCase name="Reviews Controller tests GET /movies/:movieid/reviews/:reviewid --&gt; 404 review not found" duration="44"/>
    <testCase name="Reviews Controller tests GET /movies/:movieid/reviews/:reviewid --&gt; 404 movie not found" duration="60"/>
    <testCase name="Reviews Controller tests PUT /movies/:movieid/reviews/:reviewid --&gt; 400 invalid request body" duration="12"/>
    <testCase name="Reviews Controller tests DEL /movies/:movieid/reviews/:reviewid --&gt; delete review" duration="0"/>
  </file>
  <file path="/home/delia/Documentos/Master/movies2u/BackEnd/movies2uExpress/tests/search.test.js">
    <testCase name="Search Controller tests GET /movies/search?title --&gt; search movie by title" duration="645"/>
    <testCase name="Search Controller tests GET /movies/search?title --&gt; 404 if not found" duration="178"/>
    <testCase name="Search Controller tests GET /search?year --&gt; search movie by year" duration="45"/>
    <testCase name="Search Controller tests GET /search?year --&gt; 404 if not found" duration="45"/>
    <testCase name="Search Controller tests GET /search?genre --&gt; search movie by genre" duration="52"/>
    <testCase name="Search Controller tests GET /search?genre --&gt; 404 if not found" duration="53"/>
    <testCase name="Search Controller tests GET /search? --&gt; 400 not found search criteria" duration="11"/>
  </file>
  <file path="/home/delia/Documentos/Master/movies2u/BackEnd/movies2uExpress/tests/users.test.js">
    <testCase name="Users Controller tests GET /user --&gt; get data from current logged user" duration="0"/>
    <testCase name="Users Controller tests POST /user --&gt; register new user" duration="0"/>
    <testCase name="Users Controller tests POST /user --&gt; 400 if missing fields" duration="63"/>
    <testCase name="Users Controller tests POST /user --&gt; 400 if user duplicated" duration="609"/>
    <testCase name="Users Controller tests POST /user/login --&gt; 403 if wrong creddentials" duration="315"/>
    <testCase name="Users Controller tests POST /user/login --&gt; 200 login user" duration="158"/>
  </file>
  <file path="/home/delia/Documentos/Master/movies2u/BackEnd/movies2uExpress/tests/movies.test.js">
    <testCase name="Movies Controller tests GET /movies --&gt; list all movies" duration="620"/>
    <testCase name="Movies Controller tests POST /movies --&gt; create new movie" duration="22"/>
    <testCase name="Movies Controller tests GET /movies/:movieid --&gt; get movie by id" duration="148"/>
    <testCase name="Movies Controller tests POST /movies --&gt; 400 invalid request body" duration="16"/>
    <testCase name="Movies Controller tests GET /movies/:movieid --&gt; 404 if not found" duration="16"/>
    <testCase name="Movies Controller tests PUT /movies/:movieid --&gt; 400 invalid request body" duration="16"/>
    <testCase name="Movies Controller tests DEL /movies/:movieid --&gt; delete a movie not found error" duration="16"/>
  </file>
  <file path="/home/delia/Documentos/Master/movies2u/BackEnd/movies2uExpress/tests/app.test.js">
    <testCase name="Movies API should hit homepage" duration="43"/>
  </file>
</testExecutions>