<?xml version="1.0" encoding="UTF-8"?>
<testExecutions version="1">
  <file path="/home/delia/Documentos/Master/movies2u/BackEnd/movies2uExpress/tests/reviews.test.js">
    <testCase name="Reviews Controller tests POST /movies/:movieid/reviews --&gt; create new review" duration="0"/>
    <testCase name="Reviews Controller tests POST /movies/:movieid/reviews --&gt; 400 invalid request body" duration="1737"/>
    <testCase name="Reviews Controller tests POST /movies/:movieid/reviews --&gt; 400 reviewLocation is required" duration="19"/>
    <testCase name="Reviews Controller tests GET /movies/:movieid/reviews/:reviewid --&gt; get review by id" duration="55"/>
    <testCase name="Reviews Controller tests GET /movies/:movieid/reviews/:reviewid --&gt; 404 review not found" duration="41"/>
    <testCase name="Reviews Controller tests GET /movies/:movieid/reviews/:reviewid --&gt; 404 movie not found" duration="55"/>
    <testCase name="Reviews Controller tests PUT /movies/:movieid/reviews/:reviewid --&gt; 400 invalid request body" duration="12"/>
    <testCase name="Reviews Controller tests DEL /movies/:movieid/reviews/:reviewid --&gt; delete review" duration="0"/>
  </file>
</testExecutions>